# JRE version: OpenJDK Runtime Environment (21.0.5) (build 21.0.5+-12932927-b750.29)
# Java VM: OpenJDK 64-Bit Server VM (21.0.5+-12932927-b750.29, mixed mode, tiered, compressed oops, compressed class ptrs, g1 gc, windows-amd64)
GC Precious Log:
 CardTable entry size: 512
 Card Set container configuration: InlinePtr #cards 5 size 8 Array Of Cards #cards 12 size 40 Howl #buckets 4 coarsen threshold 1843 Howl Bitmap #cards 512 size 80 coarsen threshold 460 Card regions per heap region 1 cards per card region 2048
 CPUs: 8 total, 8 available
 Memory: 7975M
 Large Page Support: Disabled
 NUMA Support: Disabled
 Compressed Oops: Enabled (32-bit)
 Heap Region Size: 1M
 Heap Min Capacity: 8M
 Heap Initial Capacity: 126M
 Heap Max Capacity: 2G
 Pre-touch: Disabled
 Parallel Workers: 8
 Concurrent Workers: 2
 Concurrent Refinement Workers: 8
 Periodic GC: Disabled
Heap:
 garbage-first heap   total 200704K, used 138174K [0x0000000080000000, 0x0000000100000000)
  region size 1024K, 3 young (3072K), 1 survivors (1024K)
 Metaspace       used 102989K, committed 105088K, reserved 1179648K
  class space    used 13741K, committed 14784K, reserved 1048576K
GC Heap History (20 events):
Event: 9.764 GC heap before
{Heap before GC invocations=25 (full 0):
 garbage-first heap   total 156672K, used 121048K [0x0000000080000000, 0x0000000100000000)
  region size 1024K, 39 young (39936K), 5 survivors (5120K)
 Metaspace       used 73319K, committed 75200K, reserved 1114112K
  class space    used 9954K, committed 10880K, reserved 1048576K
}
Event: 9.768 GC heap after
{Heap after GC invocations=26 (full 0):
 garbage-first heap   total 156672K, used 88951K [0x0000000080000000, 0x0000000100000000)
  region size 1024K, 6 young (6144K), 6 survivors (6144K)
 Metaspace       used 73319K, committed 75200K, reserved 1114112K
  class space    used 9954K, committed 10880K, reserved 1048576K
}
Event: 10.726 GC heap before
{Heap before GC invocations=27 (full 0):
 garbage-first heap   total 156672K, used 146295K [0x0000000080000000, 0x0000000100000000)
  region size 1024K, 56 young (57344K), 6 survivors (6144K)
 Metaspace       used 76736K, committed 78592K, reserved 1179648K
  class space    used 10380K, committed 11328K, reserved 1048576K
}
Event: 10.732 GC heap after
{Heap after GC invocations=28 (full 0):
 garbage-first heap   total 160768K, used 101919K [0x0000000080000000, 0x0000000100000000)
  region size 1024K, 7 young (7168K), 7 survivors (7168K)
 Metaspace       used 76736K, committed 78592K, reserved 1179648K
  class space    used 10380K, committed 11328K, reserved 1048576K
}
Event: 11.212 GC heap before
{Heap before GC invocations=28 (full 0):
 garbage-first heap   total 160768K, used 143903K [0x0000000080000000, 0x0000000100000000)
  region size 1024K, 48 young (49152K), 7 survivors (7168K)
 Metaspace       used 81401K, committed 83264K, reserved 1179648K
  class space    used 10819K, committed 11776K, reserved 1048576K
}
Event: 11.216 GC heap after
{Heap after GC invocations=29 (full 0):
 garbage-first heap   total 160768K, used 101772K [0x0000000080000000, 0x0000000100000000)
  region size 1024K, 2 young (2048K), 2 survivors (2048K)
 Metaspace       used 81401K, committed 83264K, reserved 1179648K
  class space    used 10819K, committed 11776K, reserved 1048576K
}
Event: 11.544 GC heap before
{Heap before GC invocations=29 (full 0):
 garbage-first heap   total 160768K, used 125324K [0x0000000080000000, 0x0000000100000000)
  region size 1024K, 26 young (26624K), 2 survivors (2048K)
 Metaspace       used 84652K, committed 86656K, reserved 1179648K
  class space    used 11304K, committed 12288K, reserved 1048576K
}
Event: 11.548 GC heap after
{Heap after GC invocations=30 (full 0):
 garbage-first heap   total 160768K, used 103881K [0x0000000080000000, 0x0000000100000000)
  region size 1024K, 4 young (4096K), 4 survivors (4096K)
 Metaspace       used 84652K, committed 86656K, reserved 1179648K
  class space    used 11304K, committed 12288K, reserved 1048576K
}
Event: 12.136 GC heap before
{Heap before GC invocations=31 (full 0):
 garbage-first heap   total 181248K, used 150985K [0x0000000080000000, 0x0000000100000000)
  region size 1024K, 45 young (46080K), 4 survivors (4096K)
 Metaspace       used 86837K, committed 88832K, reserved 1179648K
  class space    used 11617K, committed 12608K, reserved 1048576K
}
Event: 12.141 GC heap after
{Heap after GC invocations=32 (full 0):
 garbage-first heap   total 181248K, used 108700K [0x0000000080000000, 0x0000000100000000)
  region size 1024K, 6 young (6144K), 6 survivors (6144K)
 Metaspace       used 86837K, committed 88832K, reserved 1179648K
  class space    used 11617K, committed 12608K, reserved 1048576K
}
Event: 13.242 GC heap before
{Heap before GC invocations=32 (full 0):
 garbage-first heap   total 181248K, used 159900K [0x0000000080000000, 0x0000000100000000)
  region size 1024K, 56 young (57344K), 6 survivors (6144K)
 Metaspace       used 90162K, committed 92160K, reserved 1179648K
  class space    used 12030K, committed 13056K, reserved 1048576K
}
Event: 13.249 GC heap after
{Heap after GC invocations=33 (full 0):
 garbage-first heap   total 181248K, used 112812K [0x0000000080000000, 0x0000000100000000)
  region size 1024K, 5 young (5120K), 5 survivors (5120K)
 Metaspace       used 90162K, committed 92160K, reserved 1179648K
  class space    used 12030K, committed 13056K, reserved 1048576K
}
Event: 13.818 GC heap before
{Heap before GC invocations=33 (full 0):
 garbage-first heap   total 181248K, used 154796K [0x0000000080000000, 0x0000000100000000)
  region size 1024K, 47 young (48128K), 5 survivors (5120K)
 Metaspace       used 93468K, committed 95488K, reserved 1179648K
  class space    used 12480K, committed 13504K, reserved 1048576K
}
Event: 13.824 GC heap after
{Heap after GC invocations=34 (full 0):
 garbage-first heap   total 181248K, used 114816K [0x0000000080000000, 0x0000000100000000)
  region size 1024K, 3 young (3072K), 3 survivors (3072K)
 Metaspace       used 93468K, committed 95488K, reserved 1179648K
  class space    used 12480K, committed 13504K, reserved 1048576K
}
Event: 14.593 GC heap before
{Heap before GC invocations=35 (full 0):
 garbage-first heap   total 194560K, used 166016K [0x0000000080000000, 0x0000000100000000)
  region size 1024K, 52 young (53248K), 3 survivors (3072K)
 Metaspace       used 97376K, committed 99392K, reserved 1179648K
  class space    used 13181K, committed 14208K, reserved 1048576K
}
Event: 14.596 GC heap after
{Heap after GC invocations=36 (full 0):
 garbage-first heap   total 194560K, used 116284K [0x0000000080000000, 0x0000000100000000)
  region size 1024K, 4 young (4096K), 4 survivors (4096K)
 Metaspace       used 97376K, committed 99392K, reserved 1179648K
  class space    used 13181K, committed 14208K, reserved 1048576K
}
Event: 15.318 GC heap before
{Heap before GC invocations=36 (full 0):
 garbage-first heap   total 194560K, used 187964K [0x0000000080000000, 0x0000000100000000)
  region size 1024K, 62 young (63488K), 4 survivors (4096K)
 Metaspace       used 102989K, committed 105088K, reserved 1179648K
  class space    used 13741K, committed 14784K, reserved 1048576K
}
Event: 15.327 GC heap after
{Heap after GC invocations=37 (full 0):
 garbage-first heap   total 200704K, used 128753K [0x0000000080000000, 0x0000000100000000)
  region size 1024K, 8 young (8192K), 8 survivors (8192K)
 Metaspace       used 102989K, committed 105088K, reserved 1179648K
  class space    used 13741K, committed 14784K, reserved 1048576K
}
Event: 15.331 GC heap before
{Heap before GC invocations=37 (full 0):
 garbage-first heap   total 200704K, used 128753K [0x0000000080000000, 0x0000000100000000)
  region size 1024K, 9 young (9216K), 8 survivors (8192K)
 Metaspace       used 102989K, committed 105088K, reserved 1179648K
  class space    used 13741K, committed 14784K, reserved 1048576K
}
Event: 15.337 GC heap after
{Heap after GC invocations=38 (full 0):
 garbage-first heap   total 200704K, used 129982K [0x0000000080000000, 0x0000000100000000)
  region size 1024K, 1 young (1024K), 1 survivors (1024K)
 Metaspace       used 102989K, committed 105088K, reserved 1179648K
  class space    used 13741K, committed 14784K, reserved 1048576K
}

