# JRE version: OpenJDK Runtime Environment (21.0.5) (build 21.0.5+-12932927-b750.29)
# Java VM: OpenJDK 64-Bit Server VM (21.0.5+-12932927-b750.29, mixed mode, tiered, compressed oops, compressed class ptrs, g1 gc, windows-amd64)
GC Precious Log:
 CardTable entry size: 512
 Card Set container configuration: InlinePtr #cards 5 size 8 Array Of Cards #cards 12 size 40 Howl #buckets 4 coarsen threshold 1843 Howl Bitmap #cards 512 size 80 coarsen threshold 460 Card regions per heap region 1 cards per card region 2048
 CPUs: 8 total, 8 available
 Memory: 7975M
 Large Page Support: Disabled
 NUMA Support: Disabled
 Compressed Oops: Enabled (32-bit)
 Heap Region Size: 1M
 Heap Min Capacity: 8M
 Heap Initial Capacity: 126M
 Heap Max Capacity: 2G
 Pre-touch: Disabled
 Parallel Workers: 8
 Concurrent Workers: 2
 Concurrent Refinement Workers: 8
 Periodic GC: Disabled
Heap:
 garbage-first heap   total 194560K, used 124415K [0x0000000080000000, 0x0000000100000000)
  region size 1024K, 13 young (13312K), 3 survivors (3072K)
 Metaspace       used 93983K, committed 96064K, reserved 1179648K
  class space    used 12534K, committed 13568K, reserved 1048576K
GC Heap History (20 events):
Event: 8.113 GC heap before
{Heap before GC invocations=22 (full 0):
 garbage-first heap   total 130048K, used 118390K [0x0000000080000000, 0x0000000100000000)
  region size 1024K, 42 young (43008K), 2 survivors (2048K)
 Metaspace       used 68570K, committed 70336K, reserved 1114112K
  class space    used 9305K, committed 10176K, reserved 1048576K
}
Event: 8.119 GC heap after
{Heap after GC invocations=23 (full 0):
 garbage-first heap   total 156672K, used 78607K [0x0000000080000000, 0x0000000100000000)
  region size 1024K, 4 young (4096K), 4 survivors (4096K)
 Metaspace       used 68570K, committed 70336K, reserved 1114112K
  class space    used 9305K, committed 10176K, reserved 1048576K
}
Event: 9.587 GC heap before
{Heap before GC invocations=23 (full 0):
 garbage-first heap   total 156672K, used 139023K [0x0000000080000000, 0x0000000100000000)
  region size 1024K, 64 young (65536K), 4 survivors (4096K)
 Metaspace       used 72775K, committed 74624K, reserved 1114112K
  class space    used 9916K, committed 10816K, reserved 1048576K
}
Event: 9.596 GC heap after
{Heap after GC invocations=24 (full 0):
 garbage-first heap   total 156672K, used 84462K [0x0000000080000000, 0x0000000100000000)
  region size 1024K, 8 young (8192K), 8 survivors (8192K)
 Metaspace       used 72775K, committed 74624K, reserved 1114112K
  class space    used 9916K, committed 10816K, reserved 1048576K
}
Event: 10.037 GC heap before
{Heap before GC invocations=24 (full 0):
 garbage-first heap   total 156672K, used 137710K [0x0000000080000000, 0x0000000100000000)
  region size 1024K, 61 young (62464K), 8 survivors (8192K)
 Metaspace       used 73105K, committed 74880K, reserved 1114112K
  class space    used 9917K, committed 10816K, reserved 1048576K
}
Event: 10.046 GC heap after
{Heap after GC invocations=25 (full 0):
 garbage-first heap   total 156672K, used 87600K [0x0000000080000000, 0x0000000100000000)
  region size 1024K, 5 young (5120K), 5 survivors (5120K)
 Metaspace       used 73105K, committed 74880K, reserved 1114112K
  class space    used 9917K, committed 10816K, reserved 1048576K
}
Event: 10.416 GC heap before
{Heap before GC invocations=25 (full 0):
 garbage-first heap   total 156672K, used 135728K [0x0000000080000000, 0x0000000100000000)
  region size 1024K, 54 young (55296K), 5 survivors (5120K)
 Metaspace       used 73293K, committed 75200K, reserved 1114112K
  class space    used 9937K, committed 10880K, reserved 1048576K
}
Event: 10.420 GC heap after
{Heap after GC invocations=26 (full 0):
 garbage-first heap   total 156672K, used 89076K [0x0000000080000000, 0x0000000100000000)
  region size 1024K, 7 young (7168K), 7 survivors (7168K)
 Metaspace       used 73293K, committed 75200K, reserved 1114112K
  class space    used 9937K, committed 10880K, reserved 1048576K
}
Event: 11.468 GC heap before
{Heap before GC invocations=27 (full 0):
 garbage-first heap   total 156672K, used 145396K [0x0000000080000000, 0x0000000100000000)
  region size 1024K, 56 young (57344K), 7 survivors (7168K)
 Metaspace       used 76662K, committed 78528K, reserved 1179648K
  class space    used 10357K, committed 11264K, reserved 1048576K
}
Event: 11.474 GC heap after
{Heap after GC invocations=28 (full 0):
 garbage-first heap   total 160768K, used 102049K [0x0000000080000000, 0x0000000100000000)
  region size 1024K, 7 young (7168K), 7 survivors (7168K)
 Metaspace       used 76662K, committed 78528K, reserved 1179648K
  class space    used 10357K, committed 11264K, reserved 1048576K
}
Event: 11.939 GC heap before
{Heap before GC invocations=28 (full 0):
 garbage-first heap   total 160768K, used 144033K [0x0000000080000000, 0x0000000100000000)
  region size 1024K, 48 young (49152K), 7 survivors (7168K)
 Metaspace       used 81322K, committed 83200K, reserved 1179648K
  class space    used 10801K, committed 11776K, reserved 1048576K
}
Event: 11.942 GC heap after
{Heap after GC invocations=29 (full 0):
 garbage-first heap   total 160768K, used 101510K [0x0000000080000000, 0x0000000100000000)
  region size 1024K, 2 young (2048K), 2 survivors (2048K)
 Metaspace       used 81322K, committed 83200K, reserved 1179648K
  class space    used 10801K, committed 11776K, reserved 1048576K
}
Event: 12.282 GC heap before
{Heap before GC invocations=29 (full 0):
 garbage-first heap   total 160768K, used 126086K [0x0000000080000000, 0x0000000100000000)
  region size 1024K, 27 young (27648K), 2 survivors (2048K)
 Metaspace       used 84689K, committed 86656K, reserved 1179648K
  class space    used 11301K, committed 12288K, reserved 1048576K
}
Event: 12.285 GC heap after
{Heap after GC invocations=30 (full 0):
 garbage-first heap   total 160768K, used 103724K [0x0000000080000000, 0x0000000100000000)
  region size 1024K, 4 young (4096K), 4 survivors (4096K)
 Metaspace       used 84689K, committed 86656K, reserved 1179648K
  class space    used 11301K, committed 12288K, reserved 1048576K
}
Event: 12.709 GC heap before
{Heap before GC invocations=31 (full 0):
 garbage-first heap   total 181248K, used 150828K [0x0000000080000000, 0x0000000100000000)
  region size 1024K, 45 young (46080K), 4 survivors (4096K)
 Metaspace       used 86868K, committed 88832K, reserved 1179648K
  class space    used 11609K, committed 12608K, reserved 1048576K
}
Event: 12.713 GC heap after
{Heap after GC invocations=32 (full 0):
 garbage-first heap   total 181248K, used 108417K [0x0000000080000000, 0x0000000100000000)
  region size 1024K, 6 young (6144K), 6 survivors (6144K)
 Metaspace       used 86868K, committed 88832K, reserved 1179648K
  class space    used 11609K, committed 12608K, reserved 1048576K
}
Event: 13.366 GC heap before
{Heap before GC invocations=32 (full 0):
 garbage-first heap   total 181248K, used 158593K [0x0000000080000000, 0x0000000100000000)
  region size 1024K, 56 young (57344K), 6 survivors (6144K)
 Metaspace       used 90248K, committed 92224K, reserved 1179648K
  class space    used 12030K, committed 12992K, reserved 1048576K
}
Event: 13.373 GC heap after
{Heap after GC invocations=33 (full 0):
 garbage-first heap   total 181248K, used 112223K [0x0000000080000000, 0x0000000100000000)
  region size 1024K, 5 young (5120K), 5 survivors (5120K)
 Metaspace       used 90248K, committed 92224K, reserved 1179648K
  class space    used 12030K, committed 12992K, reserved 1048576K
}
Event: 13.870 GC heap before
{Heap before GC invocations=33 (full 0):
 garbage-first heap   total 181248K, used 153183K [0x0000000080000000, 0x0000000100000000)
  region size 1024K, 46 young (47104K), 5 survivors (5120K)
 Metaspace       used 93476K, committed 95552K, reserved 1179648K
  class space    used 12469K, committed 13504K, reserved 1048576K
}
Event: 13.875 GC heap after
{Heap after GC invocations=34 (full 0):
 garbage-first heap   total 181248K, used 114175K [0x0000000080000000, 0x0000000100000000)
  region size 1024K, 3 young (3072K), 3 survivors (3072K)
 Metaspace       used 93476K, committed 95552K, reserved 1179648K
  class space    used 12469K, committed 13504K, reserved 1048576K
}

