# JRE version: OpenJDK Runtime Environment (21.0.5) (build 21.0.5+-12932927-b750.29)
# Java VM: OpenJDK 64-Bit Server VM (21.0.5+-12932927-b750.29, mixed mode, tiered, compressed oops, compressed class ptrs, g1 gc, windows-amd64)
GC Precious Log:
 CardTable entry size: 512
 Card Set container configuration: InlinePtr #cards 5 size 8 Array Of Cards #cards 12 size 40 Howl #buckets 4 coarsen threshold 1843 Howl Bitmap #cards 512 size 80 coarsen threshold 460 Card regions per heap region 1 cards per card region 2048
 CPUs: 8 total, 8 available
 Memory: 7975M
 Large Page Support: Disabled
 NUMA Support: Disabled
 Compressed Oops: Enabled (32-bit)
 Heap Region Size: 1M
 Heap Min Capacity: 8M
 Heap Initial Capacity: 126M
 Heap Max Capacity: 2G
 Pre-touch: Disabled
 Parallel Workers: 8
 Concurrent Workers: 2
 Concurrent Refinement Workers: 8
 Periodic GC: Disabled
Heap:
 garbage-first heap   total 346112K, used 220672K [0x0000000080000000, 0x0000000100000000)
  region size 1024K, 28 young (28672K), 17 survivors (17408K)
 Metaspace       used 151392K, committed 152704K, reserved 1245184K
  class space    used 19862K, committed 20480K, reserved 1048576K
GC Heap History (20 events):
Event: 4207.792 GC heap before
{Heap before GC invocations=66 (full 0):
 garbage-first heap   total 339968K, used 260401K [0x0000000080000000, 0x0000000100000000)
  region size 1024K, 65 young (66560K), 8 survivors (8192K)
 Metaspace       used 134245K, committed 136000K, reserved 1179648K
  class space    used 17324K, committed 18432K, reserved 1048576K
}
Event: 4207.799 GC heap after
{Heap after GC invocations=67 (full 0):
 garbage-first heap   total 339968K, used 209186K [0x0000000080000000, 0x0000000100000000)
  region size 1024K, 6 young (6144K), 6 survivors (6144K)
 Metaspace       used 134245K, committed 136000K, reserved 1179648K
  class space    used 17324K, committed 18432K, reserved 1048576K
}
Event: 4208.635 GC heap before
{Heap before GC invocations=67 (full 0):
 garbage-first heap   total 339968K, used 281890K [0x0000000080000000, 0x0000000100000000)
  region size 1024K, 76 young (77824K), 6 survivors (6144K)
 Metaspace       used 135918K, committed 137472K, reserved 1179648K
  class space    used 17496K, committed 18432K, reserved 1048576K
}
Event: 4208.641 GC heap after
{Heap after GC invocations=68 (full 0):
 garbage-first heap   total 339968K, used 202075K [0x0000000080000000, 0x0000000100000000)
  region size 1024K, 2 young (2048K), 2 survivors (2048K)
 Metaspace       used 135918K, committed 137472K, reserved 1179648K
  class space    used 17496K, committed 18432K, reserved 1048576K
}
Event: 4209.837 GC heap before
{Heap before GC invocations=68 (full 0):
 garbage-first heap   total 339968K, used 281947K [0x0000000080000000, 0x0000000100000000)
  region size 1024K, 81 young (82944K), 2 survivors (2048K)
 Metaspace       used 137803K, committed 139136K, reserved 1179648K
  class space    used 17755K, committed 18432K, reserved 1048576K
}
Event: 4209.842 GC heap after
{Heap after GC invocations=69 (full 0):
 garbage-first heap   total 339968K, used 205929K [0x0000000080000000, 0x0000000100000000)
  region size 1024K, 6 young (6144K), 6 survivors (6144K)
 Metaspace       used 137803K, committed 139136K, reserved 1179648K
  class space    used 17755K, committed 18432K, reserved 1048576K
}
Event: 4210.197 GC heap before
{Heap before GC invocations=70 (full 0):
 garbage-first heap   total 339968K, used 273513K [0x0000000080000000, 0x0000000100000000)
  region size 1024K, 88 young (90112K), 6 survivors (6144K)
 Metaspace       used 137854K, committed 139136K, reserved 1179648K
  class space    used 17768K, committed 18432K, reserved 1048576K
}
Event: 4210.201 GC heap after
{Heap after GC invocations=71 (full 0):
 garbage-first heap   total 339968K, used 190660K [0x0000000080000000, 0x0000000100000000)
  region size 1024K, 6 young (6144K), 6 survivors (6144K)
 Metaspace       used 137854K, committed 139136K, reserved 1179648K
  class space    used 17768K, committed 18432K, reserved 1048576K
}
Event: 4213.380 GC heap before
{Heap before GC invocations=71 (full 0):
 garbage-first heap   total 339968K, used 291012K [0x0000000080000000, 0x0000000100000000)
  region size 1024K, 103 young (105472K), 6 survivors (6144K)
 Metaspace       used 139661K, committed 140992K, reserved 1179648K
  class space    used 18042K, committed 18688K, reserved 1048576K
}
Event: 4213.391 GC heap after
{Heap after GC invocations=72 (full 0):
 garbage-first heap   total 339968K, used 166260K [0x0000000080000000, 0x0000000100000000)
  region size 1024K, 7 young (7168K), 7 survivors (7168K)
 Metaspace       used 139661K, committed 140992K, reserved 1179648K
  class space    used 18042K, committed 18688K, reserved 1048576K
}
Event: 4230.679 GC heap before
{Heap before GC invocations=72 (full 0):
 garbage-first heap   total 339968K, used 250228K [0x0000000080000000, 0x0000000100000000)
  region size 1024K, 91 young (93184K), 7 survivors (7168K)
 Metaspace       used 140282K, committed 141632K, reserved 1179648K
  class space    used 18098K, committed 18752K, reserved 1048576K
}
Event: 4230.686 GC heap after
{Heap after GC invocations=73 (full 0):
 garbage-first heap   total 339968K, used 169035K [0x0000000080000000, 0x0000000100000000)
  region size 1024K, 10 young (10240K), 10 survivors (10240K)
 Metaspace       used 140282K, committed 141632K, reserved 1179648K
  class space    used 18098K, committed 18752K, reserved 1048576K
}
Event: 4231.007 GC heap before
{Heap before GC invocations=74 (full 0):
 garbage-first heap   total 339968K, used 313419K [0x0000000080000000, 0x0000000100000000)
  region size 1024K, 148 young (151552K), 10 survivors (10240K)
 Metaspace       used 140562K, committed 141824K, reserved 1179648K
  class space    used 18133K, committed 18752K, reserved 1048576K
}
Event: 4231.013 GC heap after
{Heap after GC invocations=75 (full 0):
 garbage-first heap   total 339968K, used 169493K [0x0000000080000000, 0x0000000100000000)
  region size 1024K, 10 young (10240K), 10 survivors (10240K)
 Metaspace       used 140562K, committed 141824K, reserved 1179648K
  class space    used 18133K, committed 18752K, reserved 1048576K
}
Event: 4231.565 GC heap before
{Heap before GC invocations=75 (full 0):
 garbage-first heap   total 339968K, used 309781K [0x0000000080000000, 0x0000000100000000)
  region size 1024K, 148 young (151552K), 10 survivors (10240K)
 Metaspace       used 140767K, committed 142016K, reserved 1179648K
  class space    used 18151K, committed 18752K, reserved 1048576K
}
Event: 4231.574 GC heap after
{Heap after GC invocations=76 (full 0):
 garbage-first heap   total 339968K, used 167525K [0x0000000080000000, 0x0000000100000000)
  region size 1024K, 11 young (11264K), 11 survivors (11264K)
 Metaspace       used 140767K, committed 142016K, reserved 1179648K
  class space    used 18151K, committed 18752K, reserved 1048576K
}
Event: 4232.453 GC heap before
{Heap before GC invocations=76 (full 0):
 garbage-first heap   total 339968K, used 308837K [0x0000000080000000, 0x0000000100000000)
  region size 1024K, 150 young (153600K), 11 survivors (11264K)
 Metaspace       used 146549K, committed 147840K, reserved 1179648K
  class space    used 19017K, committed 19648K, reserved 1048576K
}
Event: 4232.478 GC heap after
{Heap after GC invocations=77 (full 0):
 garbage-first heap   total 345088K, used 190596K [0x0000000080000000, 0x0000000100000000)
  region size 1024K, 19 young (19456K), 19 survivors (19456K)
 Metaspace       used 146549K, committed 147840K, reserved 1179648K
  class space    used 19017K, committed 19648K, reserved 1048576K
}
Event: 4232.961 GC heap before
{Heap before GC invocations=78 (full 0):
 garbage-first heap   total 345088K, used 305284K [0x0000000080000000, 0x0000000100000000)
  region size 1024K, 132 young (135168K), 19 survivors (19456K)
 Metaspace       used 149881K, committed 151232K, reserved 1179648K
  class space    used 19522K, committed 20160K, reserved 1048576K
}
Event: 4232.989 GC heap after
{Heap after GC invocations=79 (full 0):
 garbage-first heap   total 346112K, used 210432K [0x0000000080000000, 0x0000000100000000)
  region size 1024K, 17 young (17408K), 17 survivors (17408K)
 Metaspace       used 149881K, committed 151232K, reserved 1179648K
  class space    used 19522K, committed 20160K, reserved 1048576K
}

