# JRE version: OpenJDK Runtime Environment (21.0.5) (build 21.0.5+-12932927-b750.29)
# Java VM: OpenJDK 64-Bit Server VM (21.0.5+-12932927-b750.29, mixed mode, tiered, compressed oops, compressed class ptrs, g1 gc, windows-amd64)
GC Precious Log:
 CardTable entry size: 512
 Card Set container configuration: InlinePtr #cards 5 size 8 Array Of Cards #cards 12 size 40 Howl #buckets 4 coarsen threshold 1843 Howl Bitmap #cards 512 size 80 coarsen threshold 460 Card regions per heap region 1 cards per card region 2048
 CPUs: 8 total, 8 available
 Memory: 7975M
 Large Page Support: Disabled
 NUMA Support: Disabled
 Compressed Oops: Enabled (32-bit)
 Heap Region Size: 1M
 Heap Min Capacity: 8M
 Heap Initial Capacity: 126M
 Heap Max Capacity: 2G
 Pre-touch: Disabled
 Parallel Workers: 8
 Concurrent Workers: 2
 Concurrent Refinement Workers: 8
 Periodic GC: Disabled
Heap:
 garbage-first heap   total 301056K, used 224116K [0x0000000080000000, 0x0000000100000000)
  region size 1024K, 55 young (56320K), 13 survivors (13312K)
 Metaspace       used 170605K, committed 173184K, reserved 1245184K
  class space    used 21402K, committed 22656K, reserved 1048576K
GC Heap History (20 events):
Event: 19.842 GC heap before
{Heap before GC invocations=42 (full 0):
 garbage-first heap   total 214016K, used 195549K [0x0000000080000000, 0x0000000100000000)
  region size 1024K, 71 young (72704K), 6 survivors (6144K)
 Metaspace       used 150369K, committed 152768K, reserved 1245184K
  class space    used 19230K, committed 20416K, reserved 1048576K
}
Event: 19.856 GC heap after
{Heap after GC invocations=43 (full 0):
 garbage-first heap   total 214016K, used 135034K [0x0000000080000000, 0x0000000100000000)
  region size 1024K, 9 young (9216K), 9 survivors (9216K)
 Metaspace       used 150369K, committed 152768K, reserved 1245184K
  class space    used 19230K, committed 20416K, reserved 1048576K
}
Event: 20.520 GC heap before
{Heap before GC invocations=43 (full 0):
 garbage-first heap   total 214016K, used 192378K [0x0000000080000000, 0x0000000100000000)
  region size 1024K, 66 young (67584K), 9 survivors (9216K)
 Metaspace       used 150434K, committed 152832K, reserved 1245184K
  class space    used 19234K, committed 20416K, reserved 1048576K
}
Event: 20.530 GC heap after
{Heap after GC invocations=44 (full 0):
 garbage-first heap   total 214016K, used 137987K [0x0000000080000000, 0x0000000100000000)
  region size 1024K, 5 young (5120K), 5 survivors (5120K)
 Metaspace       used 150434K, committed 152832K, reserved 1245184K
  class space    used 19234K, committed 20416K, reserved 1048576K
}
Event: 21.513 GC heap before
{Heap before GC invocations=45 (full 0):
 garbage-first heap   total 230400K, used 204547K [0x0000000080000000, 0x0000000100000000)
  region size 1024K, 62 young (63488K), 5 survivors (5120K)
 Metaspace       used 150586K, committed 152960K, reserved 1245184K
  class space    used 19255K, committed 20416K, reserved 1048576K
}
Event: 21.522 GC heap after
{Heap after GC invocations=46 (full 0):
 garbage-first heap   total 230400K, used 147456K [0x0000000080000000, 0x0000000100000000)
  region size 1024K, 8 young (8192K), 8 survivors (8192K)
 Metaspace       used 150586K, committed 152960K, reserved 1245184K
  class space    used 19255K, committed 20416K, reserved 1048576K
}
Event: 22.030 GC heap before
{Heap before GC invocations=46 (full 0):
 garbage-first heap   total 230400K, used 215040K [0x0000000080000000, 0x0000000100000000)
  region size 1024K, 69 young (70656K), 8 survivors (8192K)
 Metaspace       used 150789K, committed 153152K, reserved 1245184K
  class space    used 19255K, committed 20416K, reserved 1048576K
}
Event: 22.045 GC heap after
{Heap after GC invocations=47 (full 0):
 garbage-first heap   total 235520K, used 156918K [0x0000000080000000, 0x0000000100000000)
  region size 1024K, 9 young (9216K), 9 survivors (9216K)
 Metaspace       used 150789K, committed 153152K, reserved 1245184K
  class space    used 19255K, committed 20416K, reserved 1048576K
}
Event: 22.551 GC heap before
{Heap before GC invocations=47 (full 0):
 garbage-first heap   total 235520K, used 184566K [0x0000000080000000, 0x0000000100000000)
  region size 1024K, 37 young (37888K), 9 survivors (9216K)
 Metaspace       used 151352K, committed 153792K, reserved 1245184K
  class space    used 19264K, committed 20416K, reserved 1048576K
}
Event: 22.559 GC heap after
{Heap after GC invocations=48 (full 0):
 garbage-first heap   total 235520K, used 161383K [0x0000000080000000, 0x0000000100000000)
  region size 1024K, 5 young (5120K), 5 survivors (5120K)
 Metaspace       used 151352K, committed 153792K, reserved 1245184K
  class space    used 19264K, committed 20416K, reserved 1048576K
}
Event: 23.795 GC heap before
{Heap before GC invocations=49 (full 0):
 garbage-first heap   total 273408K, used 217703K [0x0000000080000000, 0x0000000100000000)
  region size 1024K, 57 young (58368K), 5 survivors (5120K)
 Metaspace       used 155216K, committed 157632K, reserved 1245184K
  class space    used 19714K, committed 20928K, reserved 1048576K
}
Event: 23.804 GC heap after
{Heap after GC invocations=50 (full 0):
 garbage-first heap   total 273408K, used 169984K [0x0000000080000000, 0x0000000100000000)
  region size 1024K, 8 young (8192K), 8 survivors (8192K)
 Metaspace       used 155216K, committed 157632K, reserved 1245184K
  class space    used 19714K, committed 20928K, reserved 1048576K
}
Event: 25.131 GC heap before
{Heap before GC invocations=50 (full 0):
 garbage-first heap   total 273408K, used 249856K [0x0000000080000000, 0x0000000100000000)
  region size 1024K, 81 young (82944K), 8 survivors (8192K)
 Metaspace       used 161796K, committed 164288K, reserved 1245184K
  class space    used 20526K, committed 21760K, reserved 1048576K
}
Event: 25.138 GC heap after
{Heap after GC invocations=51 (full 0):
 garbage-first heap   total 273408K, used 173199K [0x0000000080000000, 0x0000000100000000)
  region size 1024K, 11 young (11264K), 11 survivors (11264K)
 Metaspace       used 161796K, committed 164288K, reserved 1245184K
  class space    used 20526K, committed 21760K, reserved 1048576K
}
Event: 26.385 GC heap before
{Heap before GC invocations=51 (full 0):
 garbage-first heap   total 273408K, used 233615K [0x0000000080000000, 0x0000000100000000)
  region size 1024K, 71 young (72704K), 11 survivors (11264K)
 Metaspace       used 166261K, committed 168832K, reserved 1245184K
  class space    used 21103K, committed 22336K, reserved 1048576K
}
Event: 26.395 GC heap after
{Heap after GC invocations=52 (full 0):
 garbage-first heap   total 273408K, used 177773K [0x0000000080000000, 0x0000000100000000)
  region size 1024K, 11 young (11264K), 11 survivors (11264K)
 Metaspace       used 166261K, committed 168832K, reserved 1245184K
  class space    used 21103K, committed 22336K, reserved 1048576K
}
Event: 28.290 GC heap before
{Heap before GC invocations=53 (full 0):
 garbage-first heap   total 301056K, used 244333K [0x0000000080000000, 0x0000000100000000)
  region size 1024K, 76 young (77824K), 11 survivors (11264K)
 Metaspace       used 167384K, committed 169920K, reserved 1245184K
  class space    used 21194K, committed 22464K, reserved 1048576K
}
Event: 28.300 GC heap after
{Heap after GC invocations=54 (full 0):
 garbage-first heap   total 301056K, used 179687K [0x0000000080000000, 0x0000000100000000)
  region size 1024K, 7 young (7168K), 7 survivors (7168K)
 Metaspace       used 167384K, committed 169920K, reserved 1245184K
  class space    used 21194K, committed 22464K, reserved 1048576K
}
Event: 29.393 GC heap before
{Heap before GC invocations=54 (full 0):
 garbage-first heap   total 301056K, used 276967K [0x0000000080000000, 0x0000000100000000)
  region size 1024K, 101 young (103424K), 7 survivors (7168K)
 Metaspace       used 167918K, committed 170432K, reserved 1245184K
  class space    used 21232K, committed 22464K, reserved 1048576K
}
Event: 29.404 GC heap after
{Heap after GC invocations=55 (full 0):
 garbage-first heap   total 301056K, used 182132K [0x0000000080000000, 0x0000000100000000)
  region size 1024K, 13 young (13312K), 13 survivors (13312K)
 Metaspace       used 167918K, committed 170432K, reserved 1245184K
  class space    used 21232K, committed 22464K, reserved 1048576K
}

